*
* Visual Studio Code Server
*
* By using the software, you agree to
* the Visual Studio Code Server License Terms (https://aka.ms/vscode-server-license) and
* the Microsoft Privacy Statement (https://privacy.microsoft.com/en-US/privacystatement).
*
Server bound to 127.0.0.1:41143 (IPv4)
Extension host agent listening on 41143

[21:59:13] 




[21:59:14] Extension host agent started.
[21:59:15] [127.0.0.1][71203e02][ManagementConnection] New connection established.
[21:59:15] [127.0.0.1][6390694f][ExtensionHostConnection] New connection established.
[21:59:15] [127.0.0.1][6390694f][ExtensionHostConnection] <1105> Launched Extension Host Process.
rejected promise not handled within 1 second: CodeExpectedError: Could not find pty on pty host
stack trace: CodeExpectedError: Could not find pty on pty host
    at L.U (/home/ubuntu/.vscode-server/bin/d037ac076cee195194f93ce6fe2bdfe2969cc82d/out/vs/platform/terminal/node/ptyHostMain.js:43:32314)
    at L.updateTitle (/home/ubuntu/.vscode-server/bin/d037ac076cee195194f93ce6fe2bdfe2969cc82d/out/vs/platform/terminal/node/ptyHostMain.js:43:27475)
    at W.<computed> (/home/ubuntu/.vscode-server/bin/d037ac076cee195194f93ce6fe2bdfe2969cc82d/out/vs/platform/terminal/node/ptyHostMain.js:43:22722)
    at Object.call (/home/ubuntu/.vscode-server/bin/d037ac076cee195194f93ce6fe2bdfe2969cc82d/out/vs/platform/terminal/node/ptyHostMain.js:34:5005)
    at c.s (/home/ubuntu/.vscode-server/bin/d037ac076cee195194f93ce6fe2bdfe2969cc82d/out/vs/platform/terminal/node/ptyHostMain.js:32:5118)
    at c.q (/home/ubuntu/.vscode-server/bin/d037ac076cee195194f93ce6fe2bdfe2969cc82d/out/vs/platform/terminal/node/ptyHostMain.js:32:4641)
    at g.value (/home/ubuntu/.vscode-server/bin/d037ac076cee195194f93ce6fe2bdfe2969cc82d/out/vs/platform/terminal/node/ptyHostMain.js:32:4052)
    at r.y (/home/ubuntu/.vscode-server/bin/d037ac076cee195194f93ce6fe2bdfe2969cc82d/out/vs/platform/terminal/node/ptyHostMain.js:27:1902)
    at r.fire (/home/ubuntu/.vscode-server/bin/d037ac076cee195194f93ce6fe2bdfe2969cc82d/out/vs/platform/terminal/node/ptyHostMain.js:27:2119)
    at process.le (/home/ubuntu/.vscode-server/bin/d037ac076cee195194f93ce6fe2bdfe2969cc82d/out/vs/platform/terminal/node/ptyHostMain.js:25:9948)
    at process.emit (node:events:513:28)
    at emit (node:internal/child_process:937:14)
    at process.processTicksAndRejections (node:internal/process/task_queues:83:21)
[21:59:25] Error [CodeExpectedError]: Could not find pty on pty host
    at L.U (/home/ubuntu/.vscode-server/bin/d037ac076cee195194f93ce6fe2bdfe2969cc82d/out/vs/platform/terminal/node/ptyHostMain.js:43:32314)
    at L.updateTitle (/home/ubuntu/.vscode-server/bin/d037ac076cee195194f93ce6fe2bdfe2969cc82d/out/vs/platform/terminal/node/ptyHostMain.js:43:27475)
    at W.<computed> (/home/ubuntu/.vscode-server/bin/d037ac076cee195194f93ce6fe2bdfe2969cc82d/out/vs/platform/terminal/node/ptyHostMain.js:43:22722)
    at Object.call (/home/ubuntu/.vscode-server/bin/d037ac076cee195194f93ce6fe2bdfe2969cc82d/out/vs/platform/terminal/node/ptyHostMain.js:34:5005)
    at c.s (/home/ubuntu/.vscode-server/bin/d037ac076cee195194f93ce6fe2bdfe2969cc82d/out/vs/platform/terminal/node/ptyHostMain.js:32:5118)
    at c.q (/home/ubuntu/.vscode-server/bin/d037ac076cee195194f93ce6fe2bdfe2969cc82d/out/vs/platform/terminal/node/ptyHostMain.js:32:4641)
    at g.value (/home/ubuntu/.vscode-server/bin/d037ac076cee195194f93ce6fe2bdfe2969cc82d/out/vs/platform/terminal/node/ptyHostMain.js:32:4052)
    at r.y (/home/ubuntu/.vscode-server/bin/d037ac076cee195194f93ce6fe2bdfe2969cc82d/out/vs/platform/terminal/node/ptyHostMain.js:27:1902)
    at r.fire (/home/ubuntu/.vscode-server/bin/d037ac076cee195194f93ce6fe2bdfe2969cc82d/out/vs/platform/terminal/node/ptyHostMain.js:27:2119)
    at process.le (/home/ubuntu/.vscode-server/bin/d037ac076cee195194f93ce6fe2bdfe2969cc82d/out/vs/platform/terminal/node/ptyHostMain.js:25:9948)
    at process.emit (node:events:513:28)
    at emit (node:internal/child_process:937:14)
    at process.processTicksAndRejections (node:internal/process/task_queues:83:21)
rejected promise not handled within 1 second: CodeExpectedError: Could not find pty on pty host
stack trace: CodeExpectedError: Could not find pty on pty host
    at L.U (/home/ubuntu/.vscode-server/bin/d037ac076cee195194f93ce6fe2bdfe2969cc82d/out/vs/platform/terminal/node/ptyHostMain.js:43:32314)
    at L.updateIcon (/home/ubuntu/.vscode-server/bin/d037ac076cee195194f93ce6fe2bdfe2969cc82d/out/vs/platform/terminal/node/ptyHostMain.js:43:27526)
    at W.<computed> (/home/ubuntu/.vscode-server/bin/d037ac076cee195194f93ce6fe2bdfe2969cc82d/out/vs/platform/terminal/node/ptyHostMain.js:43:22722)
    at Object.call (/home/ubuntu/.vscode-server/bin/d037ac076cee195194f93ce6fe2bdfe2969cc82d/out/vs/platform/terminal/node/ptyHostMain.js:34:5005)
    at c.s (/home/ubuntu/.vscode-server/bin/d037ac076cee195194f93ce6fe2bdfe2969cc82d/out/vs/platform/terminal/node/ptyHostMain.js:32:5118)
    at c.q (/home/ubuntu/.vscode-server/bin/d037ac076cee195194f93ce6fe2bdfe2969cc82d/out/vs/platform/terminal/node/ptyHostMain.js:32:4641)
    at g.value (/home/ubuntu/.vscode-server/bin/d037ac076cee195194f93ce6fe2bdfe2969cc82d/out/vs/platform/terminal/node/ptyHostMain.js:32:4052)
    at r.y (/home/ubuntu/.vscode-server/bin/d037ac076cee195194f93ce6fe2bdfe2969cc82d/out/vs/platform/terminal/node/ptyHostMain.js:27:1902)
    at r.fire (/home/ubuntu/.vscode-server/bin/d037ac076cee195194f93ce6fe2bdfe2969cc82d/out/vs/platform/terminal/node/ptyHostMain.js:27:2119)
    at process.le (/home/ubuntu/.vscode-server/bin/d037ac076cee195194f93ce6fe2bdfe2969cc82d/out/vs/platform/terminal/node/ptyHostMain.js:25:9948)
    at process.emit (node:events:513:28)
    at emit (node:internal/child_process:937:14)
    at process.processTicksAndRejections (node:internal/process/task_queues:83:21)
[21:59:25] Error [CodeExpectedError]: Could not find pty on pty host
    at L.U (/home/ubuntu/.vscode-server/bin/d037ac076cee195194f93ce6fe2bdfe2969cc82d/out/vs/platform/terminal/node/ptyHostMain.js:43:32314)
    at L.updateIcon (/home/ubuntu/.vscode-server/bin/d037ac076cee195194f93ce6fe2bdfe2969cc82d/out/vs/platform/terminal/node/ptyHostMain.js:43:27526)
    at W.<computed> (/home/ubuntu/.vscode-server/bin/d037ac076cee195194f93ce6fe2bdfe2969cc82d/out/vs/platform/terminal/node/ptyHostMain.js:43:22722)
    at Object.call (/home/ubuntu/.vscode-server/bin/d037ac076cee195194f93ce6fe2bdfe2969cc82d/out/vs/platform/terminal/node/ptyHostMain.js:34:5005)
    at c.s (/home/ubuntu/.vscode-server/bin/d037ac076cee195194f93ce6fe2bdfe2969cc82d/out/vs/platform/terminal/node/ptyHostMain.js:32:5118)
    at c.q (/home/ubuntu/.vscode-server/bin/d037ac076cee195194f93ce6fe2bdfe2969cc82d/out/vs/platform/terminal/node/ptyHostMain.js:32:4641)
    at g.value (/home/ubuntu/.vscode-server/bin/d037ac076cee195194f93ce6fe2bdfe2969cc82d/out/vs/platform/terminal/node/ptyHostMain.js:32:4052)
    at r.y (/home/ubuntu/.vscode-server/bin/d037ac076cee195194f93ce6fe2bdfe2969cc82d/out/vs/platform/terminal/node/ptyHostMain.js:27:1902)
    at r.fire (/home/ubuntu/.vscode-server/bin/d037ac076cee195194f93ce6fe2bdfe2969cc82d/out/vs/platform/terminal/node/ptyHostMain.js:27:2119)
    at process.le (/home/ubuntu/.vscode-server/bin/d037ac076cee195194f93ce6fe2bdfe2969cc82d/out/vs/platform/terminal/node/ptyHostMain.js:25:9948)
    at process.emit (node:events:513:28)
    at emit (node:internal/child_process:937:14)
    at process.processTicksAndRejections (node:internal/process/task_queues:83:21)
New EH opened, aborting shutdown
[22:04:14] New EH opened, aborting shutdown
[22:35:22] [127.0.0.1][71203e02][ManagementConnection] The client has reconnected.
rejected promise not handled within 1 second: CodeExpectedError: Could not find pty on pty host
stack trace: CodeExpectedError: Could not find pty on pty host
    at L.U (/home/ubuntu/.vscode-server/bin/d037ac076cee195194f93ce6fe2bdfe2969cc82d/out/vs/platform/terminal/node/ptyHostMain.js:43:32314)
    at L.updateIcon (/home/ubuntu/.vscode-server/bin/d037ac076cee195194f93ce6fe2bdfe2969cc82d/out/vs/platform/terminal/node/ptyHostMain.js:43:27526)
    at W.<computed> (/home/ubuntu/.vscode-server/bin/d037ac076cee195194f93ce6fe2bdfe2969cc82d/out/vs/platform/terminal/node/ptyHostMain.js:43:22722)
    at Object.call (/home/ubuntu/.vscode-server/bin/d037ac076cee195194f93ce6fe2bdfe2969cc82d/out/vs/platform/terminal/node/ptyHostMain.js:34:5005)
    at c.s (/home/ubuntu/.vscode-server/bin/d037ac076cee195194f93ce6fe2bdfe2969cc82d/out/vs/platform/terminal/node/ptyHostMain.js:32:5118)
    at c.q (/home/ubuntu/.vscode-server/bin/d037ac076cee195194f93ce6fe2bdfe2969cc82d/out/vs/platform/terminal/node/ptyHostMain.js:32:4641)
    at g.value (/home/ubuntu/.vscode-server/bin/d037ac076cee195194f93ce6fe2bdfe2969cc82d/out/vs/platform/terminal/node/ptyHostMain.js:32:4052)
    at r.y (/home/ubuntu/.vscode-server/bin/d037ac076cee195194f93ce6fe2bdfe2969cc82d/out/vs/platform/terminal/node/ptyHostMain.js:27:1902)
    at r.fire (/home/ubuntu/.vscode-server/bin/d037ac076cee195194f93ce6fe2bdfe2969cc82d/out/vs/platform/terminal/node/ptyHostMain.js:27:2119)
    at process.le (/home/ubuntu/.vscode-server/bin/d037ac076cee195194f93ce6fe2bdfe2969cc82d/out/vs/platform/terminal/node/ptyHostMain.js:25:9948)
    at process.emit (node:events:513:28)
    at emit (node:internal/child_process:937:14)
    at process.processTicksAndRejections (node:internal/process/task_queues:83:21)
[22:35:23] Error [CodeExpectedError]: Could not find pty on pty host
    at L.U (/home/ubuntu/.vscode-server/bin/d037ac076cee195194f93ce6fe2bdfe2969cc82d/out/vs/platform/terminal/node/ptyHostMain.js:43:32314)
    at L.updateIcon (/home/ubuntu/.vscode-server/bin/d037ac076cee195194f93ce6fe2bdfe2969cc82d/out/vs/platform/terminal/node/ptyHostMain.js:43:27526)
    at W.<computed> (/home/ubuntu/.vscode-server/bin/d037ac076cee195194f93ce6fe2bdfe2969cc82d/out/vs/platform/terminal/node/ptyHostMain.js:43:22722)
    at Object.call (/home/ubuntu/.vscode-server/bin/d037ac076cee195194f93ce6fe2bdfe2969cc82d/out/vs/platform/terminal/node/ptyHostMain.js:34:5005)
    at c.s (/home/ubuntu/.vscode-server/bin/d037ac076cee195194f93ce6fe2bdfe2969cc82d/out/vs/platform/terminal/node/ptyHostMain.js:32:5118)
    at c.q (/home/ubuntu/.vscode-server/bin/d037ac076cee195194f93ce6fe2bdfe2969cc82d/out/vs/platform/terminal/node/ptyHostMain.js:32:4641)
    at g.value (/home/ubuntu/.vscode-server/bin/d037ac076cee195194f93ce6fe2bdfe2969cc82d/out/vs/platform/terminal/node/ptyHostMain.js:32:4052)
    at r.y (/home/ubuntu/.vscode-server/bin/d037ac076cee195194f93ce6fe2bdfe2969cc82d/out/vs/platform/terminal/node/ptyHostMain.js:27:1902)
    at r.fire (/home/ubuntu/.vscode-server/bin/d037ac076cee195194f93ce6fe2bdfe2969cc82d/out/vs/platform/terminal/node/ptyHostMain.js:27:2119)
    at process.le (/home/ubuntu/.vscode-server/bin/d037ac076cee195194f93ce6fe2bdfe2969cc82d/out/vs/platform/terminal/node/ptyHostMain.js:25:9948)
    at process.emit (node:events:513:28)
    at emit (node:internal/child_process:937:14)
    at process.processTicksAndRejections (node:internal/process/task_queues:83:21)
rejected promise not handled within 1 second: CodeExpectedError: Could not find pty on pty host
stack trace: CodeExpectedError: Could not find pty on pty host
    at L.U (/home/ubuntu/.vscode-server/bin/d037ac076cee195194f93ce6fe2bdfe2969cc82d/out/vs/platform/terminal/node/ptyHostMain.js:43:32314)
    at L.updateTitle (/home/ubuntu/.vscode-server/bin/d037ac076cee195194f93ce6fe2bdfe2969cc82d/out/vs/platform/terminal/node/ptyHostMain.js:43:27475)
    at W.<computed> (/home/ubuntu/.vscode-server/bin/d037ac076cee195194f93ce6fe2bdfe2969cc82d/out/vs/platform/terminal/node/ptyHostMain.js:43:22722)
    at Object.call (/home/ubuntu/.vscode-server/bin/d037ac076cee195194f93ce6fe2bdfe2969cc82d/out/vs/platform/terminal/node/ptyHostMain.js:34:5005)
    at c.s (/home/ubuntu/.vscode-server/bin/d037ac076cee195194f93ce6fe2bdfe2969cc82d/out/vs/platform/terminal/node/ptyHostMain.js:32:5118)
    at c.q (/home/ubuntu/.vscode-server/bin/d037ac076cee195194f93ce6fe2bdfe2969cc82d/out/vs/platform/terminal/node/ptyHostMain.js:32:4641)
    at g.value (/home/ubuntu/.vscode-server/bin/d037ac076cee195194f93ce6fe2bdfe2969cc82d/out/vs/platform/terminal/node/ptyHostMain.js:32:4052)
    at r.y (/home/ubuntu/.vscode-server/bin/d037ac076cee195194f93ce6fe2bdfe2969cc82d/out/vs/platform/terminal/node/ptyHostMain.js:27:1902)
    at r.fire (/home/ubuntu/.vscode-server/bin/d037ac076cee195194f93ce6fe2bdfe2969cc82d/out/vs/platform/terminal/node/ptyHostMain.js:27:2119)
    at process.le (/home/ubuntu/.vscode-server/bin/d037ac076cee195194f93ce6fe2bdfe2969cc82d/out/vs/platform/terminal/node/ptyHostMain.js:25:9948)
    at process.emit (node:events:513:28)
    at emit (node:internal/child_process:937:14)
    at process.processTicksAndRejections (node:internal/process/task_queues:83:21)
[22:35:23] Error [CodeExpectedError]: Could not find pty on pty host
    at L.U (/home/ubuntu/.vscode-server/bin/d037ac076cee195194f93ce6fe2bdfe2969cc82d/out/vs/platform/terminal/node/ptyHostMain.js:43:32314)
    at L.updateTitle (/home/ubuntu/.vscode-server/bin/d037ac076cee195194f93ce6fe2bdfe2969cc82d/out/vs/platform/terminal/node/ptyHostMain.js:43:27475)
    at W.<computed> (/home/ubuntu/.vscode-server/bin/d037ac076cee195194f93ce6fe2bdfe2969cc82d/out/vs/platform/terminal/node/ptyHostMain.js:43:22722)
    at Object.call (/home/ubuntu/.vscode-server/bin/d037ac076cee195194f93ce6fe2bdfe2969cc82d/out/vs/platform/terminal/node/ptyHostMain.js:34:5005)
    at c.s (/home/ubuntu/.vscode-server/bin/d037ac076cee195194f93ce6fe2bdfe2969cc82d/out/vs/platform/terminal/node/ptyHostMain.js:32:5118)
    at c.q (/home/ubuntu/.vscode-server/bin/d037ac076cee195194f93ce6fe2bdfe2969cc82d/out/vs/platform/terminal/node/ptyHostMain.js:32:4641)
    at g.value (/home/ubuntu/.vscode-server/bin/d037ac076cee195194f93ce6fe2bdfe2969cc82d/out/vs/platform/terminal/node/ptyHostMain.js:32:4052)
    at r.y (/home/ubuntu/.vscode-server/bin/d037ac076cee195194f93ce6fe2bdfe2969cc82d/out/vs/platform/terminal/node/ptyHostMain.js:27:1902)
    at r.fire (/home/ubuntu/.vscode-server/bin/d037ac076cee195194f93ce6fe2bdfe2969cc82d/out/vs/platform/terminal/node/ptyHostMain.js:27:2119)
    at process.le (/home/ubuntu/.vscode-server/bin/d037ac076cee195194f93ce6fe2bdfe2969cc82d/out/vs/platform/terminal/node/ptyHostMain.js:25:9948)
    at process.emit (node:events:513:28)
    at emit (node:internal/child_process:937:14)
    at process.processTicksAndRejections (node:internal/process/task_queues:83:21)
rejected promise not handled within 1 second: CodeExpectedError: Could not find pty on pty host
stack trace: CodeExpectedError: Could not find pty on pty host
    at L.U (/home/ubuntu/.vscode-server/bin/d037ac076cee195194f93ce6fe2bdfe2969cc82d/out/vs/platform/terminal/node/ptyHostMain.js:43:32314)
    at L.updateTitle (/home/ubuntu/.vscode-server/bin/d037ac076cee195194f93ce6fe2bdfe2969cc82d/out/vs/platform/terminal/node/ptyHostMain.js:43:27475)
    at W.<computed> (/home/ubuntu/.vscode-server/bin/d037ac076cee195194f93ce6fe2bdfe2969cc82d/out/vs/platform/terminal/node/ptyHostMain.js:43:22722)
    at Object.call (/home/ubuntu/.vscode-server/bin/d037ac076cee195194f93ce6fe2bdfe2969cc82d/out/vs/platform/terminal/node/ptyHostMain.js:34:5005)
    at c.s (/home/ubuntu/.vscode-server/bin/d037ac076cee195194f93ce6fe2bdfe2969cc82d/out/vs/platform/terminal/node/ptyHostMain.js:32:5118)
    at c.q (/home/ubuntu/.vscode-server/bin/d037ac076cee195194f93ce6fe2bdfe2969cc82d/out/vs/platform/terminal/node/ptyHostMain.js:32:4641)
    at g.value (/home/ubuntu/.vscode-server/bin/d037ac076cee195194f93ce6fe2bdfe2969cc82d/out/vs/platform/terminal/node/ptyHostMain.js:32:4052)
    at r.y (/home/ubuntu/.vscode-server/bin/d037ac076cee195194f93ce6fe2bdfe2969cc82d/out/vs/platform/terminal/node/ptyHostMain.js:27:1902)
    at r.fire (/home/ubuntu/.vscode-server/bin/d037ac076cee195194f93ce6fe2bdfe2969cc82d/out/vs/platform/terminal/node/ptyHostMain.js:27:2119)
    at process.le (/home/ubuntu/.vscode-server/bin/d037ac076cee195194f93ce6fe2bdfe2969cc82d/out/vs/platform/terminal/node/ptyHostMain.js:25:9948)
    at process.emit (node:events:513:28)
    at emit (node:internal/child_process:937:14)
    at process.processTicksAndRejections (node:internal/process/task_queues:83:21)
[22:35:23] Error [CodeExpectedError]: Could not find pty on pty host
    at L.U (/home/ubuntu/.vscode-server/bin/d037ac076cee195194f93ce6fe2bdfe2969cc82d/out/vs/platform/terminal/node/ptyHostMain.js:43:32314)
    at L.updateTitle (/home/ubuntu/.vscode-server/bin/d037ac076cee195194f93ce6fe2bdfe2969cc82d/out/vs/platform/terminal/node/ptyHostMain.js:43:27475)
    at W.<computed> (/home/ubuntu/.vscode-server/bin/d037ac076cee195194f93ce6fe2bdfe2969cc82d/out/vs/platform/terminal/node/ptyHostMain.js:43:22722)
    at Object.call (/home/ubuntu/.vscode-server/bin/d037ac076cee195194f93ce6fe2bdfe2969cc82d/out/vs/platform/terminal/node/ptyHostMain.js:34:5005)
    at c.s (/home/ubuntu/.vscode-server/bin/d037ac076cee195194f93ce6fe2bdfe2969cc82d/out/vs/platform/terminal/node/ptyHostMain.js:32:5118)
    at c.q (/home/ubuntu/.vscode-server/bin/d037ac076cee195194f93ce6fe2bdfe2969cc82d/out/vs/platform/terminal/node/ptyHostMain.js:32:4641)
    at g.value (/home/ubuntu/.vscode-server/bin/d037ac076cee195194f93ce6fe2bdfe2969cc82d/out/vs/platform/terminal/node/ptyHostMain.js:32:4052)
    at r.y (/home/ubuntu/.vscode-server/bin/d037ac076cee195194f93ce6fe2bdfe2969cc82d/out/vs/platform/terminal/node/ptyHostMain.js:27:1902)
    at r.fire (/home/ubuntu/.vscode-server/bin/d037ac076cee195194f93ce6fe2bdfe2969cc82d/out/vs/platform/terminal/node/ptyHostMain.js:27:2119)
    at process.le (/home/ubuntu/.vscode-server/bin/d037ac076cee195194f93ce6fe2bdfe2969cc82d/out/vs/platform/terminal/node/ptyHostMain.js:25:9948)
    at process.emit (node:events:513:28)
    at emit (node:internal/child_process:937:14)
    at process.processTicksAndRejections (node:internal/process/task_queues:83:21)
rejected promise not handled within 1 second: CodeExpectedError: Could not find pty on pty host
stack trace: CodeExpectedError: Could not find pty on pty host
    at L.U (/home/ubuntu/.vscode-server/bin/d037ac076cee195194f93ce6fe2bdfe2969cc82d/out/vs/platform/terminal/node/ptyHostMain.js:43:32314)
    at L.updateTitle (/home/ubuntu/.vscode-server/bin/d037ac076cee195194f93ce6fe2bdfe2969cc82d/out/vs/platform/terminal/node/ptyHostMain.js:43:27475)
    at W.<computed> (/home/ubuntu/.vscode-server/bin/d037ac076cee195194f93ce6fe2bdfe2969cc82d/out/vs/platform/terminal/node/ptyHostMain.js:43:22722)
    at Object.call (/home/ubuntu/.vscode-server/bin/d037ac076cee195194f93ce6fe2bdfe2969cc82d/out/vs/platform/terminal/node/ptyHostMain.js:34:5005)
    at c.s (/home/ubuntu/.vscode-server/bin/d037ac076cee195194f93ce6fe2bdfe2969cc82d/out/vs/platform/terminal/node/ptyHostMain.js:32:5118)
    at c.q (/home/ubuntu/.vscode-server/bin/d037ac076cee195194f93ce6fe2bdfe2969cc82d/out/vs/platform/terminal/node/ptyHostMain.js:32:4641)
    at g.value (/home/ubuntu/.vscode-server/bin/d037ac076cee195194f93ce6fe2bdfe2969cc82d/out/vs/platform/terminal/node/ptyHostMain.js:32:4052)
    at r.y (/home/ubuntu/.vscode-server/bin/d037ac076cee195194f93ce6fe2bdfe2969cc82d/out/vs/platform/terminal/node/ptyHostMain.js:27:1902)
    at r.fire (/home/ubuntu/.vscode-server/bin/d037ac076cee195194f93ce6fe2bdfe2969cc82d/out/vs/platform/terminal/node/ptyHostMain.js:27:2119)
    at process.le (/home/ubuntu/.vscode-server/bin/d037ac076cee195194f93ce6fe2bdfe2969cc82d/out/vs/platform/terminal/node/ptyHostMain.js:25:9948)
    at process.emit (node:events:513:28)
    at emit (node:internal/child_process:937:14)
    at process.processTicksAndRejections (node:internal/process/task_queues:83:21)
[22:35:23] Error [CodeExpectedError]: Could not find pty on pty host
    at L.U (/home/ubuntu/.vscode-server/bin/d037ac076cee195194f93ce6fe2bdfe2969cc82d/out/vs/platform/terminal/node/ptyHostMain.js:43:32314)
    at L.updateTitle (/home/ubuntu/.vscode-server/bin/d037ac076cee195194f93ce6fe2bdfe2969cc82d/out/vs/platform/terminal/node/ptyHostMain.js:43:27475)
    at W.<computed> (/home/ubuntu/.vscode-server/bin/d037ac076cee195194f93ce6fe2bdfe2969cc82d/out/vs/platform/terminal/node/ptyHostMain.js:43:22722)
    at Object.call (/home/ubuntu/.vscode-server/bin/d037ac076cee195194f93ce6fe2bdfe2969cc82d/out/vs/platform/terminal/node/ptyHostMain.js:34:5005)
    at c.s (/home/ubuntu/.vscode-server/bin/d037ac076cee195194f93ce6fe2bdfe2969cc82d/out/vs/platform/terminal/node/ptyHostMain.js:32:5118)
    at c.q (/home/ubuntu/.vscode-server/bin/d037ac076cee195194f93ce6fe2bdfe2969cc82d/out/vs/platform/terminal/node/ptyHostMain.js:32:4641)
    at g.value (/home/ubuntu/.vscode-server/bin/d037ac076cee195194f93ce6fe2bdfe2969cc82d/out/vs/platform/terminal/node/ptyHostMain.js:32:4052)
    at r.y (/home/ubuntu/.vscode-server/bin/d037ac076cee195194f93ce6fe2bdfe2969cc82d/out/vs/platform/terminal/node/ptyHostMain.js:27:1902)
    at r.fire (/home/ubuntu/.vscode-server/bin/d037ac076cee195194f93ce6fe2bdfe2969cc82d/out/vs/platform/terminal/node/ptyHostMain.js:27:2119)
    at process.le (/home/ubuntu/.vscode-server/bin/d037ac076cee195194f93ce6fe2bdfe2969cc82d/out/vs/platform/terminal/node/ptyHostMain.js:25:9948)
    at process.emit (node:events:513:28)
    at emit (node:internal/child_process:937:14)
    at process.processTicksAndRejections (node:internal/process/task_queues:83:21)
[22:35:51] [127.0.0.1][6390694f][ExtensionHostConnection] The client has reconnected.
